<?xml version="1.0" encoding="UTF-8"?>
<testng-results ignored="0" total="2" passed="2" failed="0" skipped="0">
  <reporter-output>
  </reporter-output>
  <suite started-at="2019-05-28T05:03:48Z" name="TestNG" finished-at="2019-05-28T05:04:28Z" duration-ms="40781">
    <groups>
    </groups>
    <test started-at="2019-05-28T05:03:48Z" name="NewTaskTest" finished-at="2019-05-28T05:04:28Z" duration-ms="40781">
      <class name="TestCases.NewTaskTest">
        <test-method signature="G()[pri:1, instance:TestCases.NewTaskTest@40005471]" started-at="2019-05-28T05:03:48Z" name="G" finished-at="2019-05-28T05:04:02Z" duration-ms="14503" status="PASS">
          <reporter-output>
          </reporter-output>
        </test-method> <!-- G -->
        <test-method signature="f()[pri:2, instance:TestCases.NewTaskTest@40005471]" started-at="2019-05-28T05:04:02Z" name="f" finished-at="2019-05-28T05:04:28Z" duration-ms="26262" status="PASS">
          <reporter-output>
          </reporter-output>
        </test-method> <!-- f -->
      </class> <!-- TestCases.NewTaskTest -->
    </test> <!-- NewTaskTest -->
  </suite> <!-- TestNG -->
</testng-results>
